<?xml version="1.0" encoding="UTF-8"?>
<!-- Generated by org.testng.reporters.JUnitReportReporter -->
<testsuite skipped="0" hostname="Mahbuburs-MacBook-Pro.local" name="Test.mainExecution" tests="1" failures="0" timestamp="01 Sep 2017 17:23:21 GMT" time="71.168" errors="0">
  <testcase name="mainTest" time="71.168" classname="Test.mainExecution"/>
</testsuite> <!-- Test.mainExecution -->
