<?xml version="1.0" encoding="UTF-8"?>
<!-- Generated by org.testng.reporters.JUnitReportReporter -->
<testsuite skipped="0" hostname="Mahbuburs-MacBook-Pro.local" name="Test.test1" tests="1" failures="0" timestamp="01 Sep 2017 00:37:03 GMT" time="66.817" errors="0">
  <testcase name="mainTest" time="66.817" classname="Test.test1"/>
</testsuite> <!-- Test.test1 -->
